<?xml version="1.0" encoding="UTF-8"?>
<testng-results total="1" passed="1" failed="0" skipped="0">
  <reporter-output>
  </reporter-output>
  <suite started-at="2021-10-19T06:21:28Z" name="Default suite" finished-at="2021-10-19T06:21:28Z" duration-ms="21">
    <groups>
    </groups>
    <test started-at="2021-10-19T06:21:28Z" name="Default test" finished-at="2021-10-19T06:21:28Z" duration-ms="21">
      <class name="ETOE.gJE.AgainClass">
        <test-method signature="mainmehod()[pri:0, instance:ETOE.gJE.AgainClass@8e50104]" started-at="2021-10-19T11:51:28Z" name="mainmehod" finished-at="2021-10-19T11:51:28Z" duration-ms="11" status="PASS">
          <reporter-output>
          </reporter-output>
        </test-method> <!-- mainmehod -->
      </class> <!-- ETOE.gJE.AgainClass -->
    </test> <!-- Default test -->
  </suite> <!-- Default suite -->
</testng-results>
